<?xml version="1.0" encoding="UTF-8"?>
<testng-results ignored="0" total="1" passed="1" failed="0" skipped="0">
  <reporter-output>
  </reporter-output>
  <suite started-at="2022-10-06T11:27:59 IST" name="Default suite" finished-at="2022-10-06T11:28:49 IST" duration-ms="50048">
    <groups>
    </groups>
    <test started-at="2022-10-06T11:27:59 IST" name="Default test" finished-at="2022-10-06T11:28:49 IST" duration-ms="50048">
      <class name="com.testcases.IRCTC_Test">
        <test-method is-config="true" signature="setup()[pri:0, instance:com.testcases.IRCTC_Test@130d63be]" started-at="2022-10-06T11:27:59 IST" name="setup" finished-at="2022-10-06T11:28:37 IST" duration-ms="38415" status="PASS">
          <reporter-output>
          </reporter-output>
        </test-method> <!-- setup -->
        <test-method signature="call()[pri:0, instance:com.testcases.IRCTC_Test@130d63be]" started-at="2022-10-06T11:28:37 IST" name="call" finished-at="2022-10-06T11:28:49 IST" duration-ms="11566" status="PASS">
          <reporter-output>
          </reporter-output>
        </test-method> <!-- call -->
      </class> <!-- com.testcases.IRCTC_Test -->
    </test> <!-- Default test -->
  </suite> <!-- Default suite -->
</testng-results>
